#
# A fatal error has been detected by the Java Runtime Environment:
#
#  Internal Error (synchronizer.cpp:397), pid=25604, tid=1832
#  fatal error: Synchronizing on object 0x00000006220124e0 of klass java.lang.Integer at TestValueBasedClass.synchIncrement(TestValueBasedClass.java:5)
#
# JRE version: Java(TM) SE Runtime Environment (17.0.1+12) (build 17.0.1+12-LTS-39)
# Java VM: Java HotSpot(TM) 64-Bit Server VM (17.0.1+12-LTS-39, mixed mode, sharing, tiered, compressed oops, compressed class ptrs, g1 gc, windows-amd64)
# No core dump will be written. Minidumps are not enabled by default on client versions of Windows
#
# If you would like to submit a bug report, please visit:
#   https://bugreport.java.com/bugreport/crash.jsp
#

---------------  S U M M A R Y ------------

Command Line: -XX:+UnlockDiagnosticVMOptions -XX:DiagnoseSyncOnValueBasedClasses=1 TestValueBasedClass

Host: Intel(R) Core(TM) i7-8565U CPU @ 1.80GHz, 8 cores, 31G,  Windows 10 , 64 bit Build 22000 (10.0.22000.708)
Time: Wed Sep  7 12:30:07 2022 ora legale Europa occidentale elapsed time: 0.044347 seconds (0d 0h 0m 0s)

---------------  T H R E A D  ---------------

Current thread (0x000001f1d44fbb50):  JavaThread "main" [_thread_in_vm, id=1832, stack(0x0000001997900000,0x0000001997a00000)]

Stack: [0x0000001997900000,0x0000001997a00000]
Native frames: (J=compiled Java code, j=interpreted, Vv=VM code, C=native code)
V  [jvm.dll+0x66fa1a]
V  [jvm.dll+0x7ce5a4]
V  [jvm.dll+0x7cfd4e]
V  [jvm.dll+0x24285f]
V  [jvm.dll+0x742488]
V  [jvm.dll+0x742085]
V  [jvm.dll+0x37d123]
C  0x000001f1dbd1c19b

Java frames: (J=compiled Java code, j=interpreted, Vv=VM code)
j  TestValueBasedClass.synchIncrement()V+6
j  TestValueBasedClass.main([Ljava/lang/String;)V+9
v  ~StubRoutines::call_stub

---------------  P R O C E S S  ---------------

Threads class SMR info:
_java_thread_list=0x000001f18152d7d0, length=12, elements={
0x000001f1d44fbb50, 0x000001f180949530, 0x000001f18094a0e0, 0x000001f180965190,
0x000001f180965b40, 0x000001f1809664f0, 0x000001f180966ea0, 0x000001f180968970,
0x000001f181408140, 0x000001f18096cb90, 0x000001f18152c7c0, 0x000001f1815310b0
}

Java Threads: ( => current thread )
=>0x000001f1d44fbb50 JavaThread "main" [_thread_in_vm, id=1832, stack(0x0000001997900000,0x0000001997a00000)]
  0x000001f180949530 JavaThread "Reference Handler" daemon [_thread_blocked, id=3592, stack(0x0000001998000000,0x0000001998100000)]
  0x000001f18094a0e0 JavaThread "Finalizer" daemon [_thread_blocked, id=2452, stack(0x0000001998100000,0x0000001998200000)]
  0x000001f180965190 JavaThread "Signal Dispatcher" daemon [_thread_blocked, id=4588, stack(0x0000001998200000,0x0000001998300000)]
  0x000001f180965b40 JavaThread "Attach Listener" daemon [_thread_blocked, id=15304, stack(0x0000001998300000,0x0000001998400000)]
  0x000001f1809664f0 JavaThread "Service Thread" daemon [_thread_blocked, id=30548, stack(0x0000001998400000,0x0000001998500000)]
  0x000001f180966ea0 JavaThread "Monitor Deflation Thread" daemon [_thread_blocked, id=33256, stack(0x0000001998500000,0x0000001998600000)]
  0x000001f180968970 JavaThread "C2 CompilerThread0" daemon [_thread_blocked, id=31800, stack(0x0000001998600000,0x0000001998700000)]
  0x000001f181408140 JavaThread "C1 CompilerThread0" daemon [_thread_blocked, id=20492, stack(0x0000001998700000,0x0000001998800000)]
  0x000001f18096cb90 JavaThread "Sweeper thread" daemon [_thread_blocked, id=29352, stack(0x0000001998800000,0x0000001998900000)]
  0x000001f18152c7c0 JavaThread "Notification Thread" daemon [_thread_blocked, id=5232, stack(0x0000001998900000,0x0000001998a00000)]
  0x000001f1815310b0 JavaThread "Common-Cleaner" daemon [_thread_blocked, id=26420, stack(0x0000001998b00000,0x0000001998c00000)]

Other Threads:
  0x000001f180944a70 VMThread "VM Thread" [stack: 0x0000001997f00000,0x0000001998000000] [id=19924]
  0x000001f1d458ca90 WatcherThread [stack: 0x0000001998a00000,0x0000001998b00000] [id=31172]
  0x000001f1d456fc60 GCTaskThread "GC Thread#0" [stack: 0x0000001997a00000,0x0000001997b00000] [id=7424]
  0x000001f1d4580bd0 ConcurrentGCThread "G1 Main Marker" [stack: 0x0000001997b00000,0x0000001997c00000] [id=31556]
  0x000001f1d4581d80 ConcurrentGCThread "G1 Conc#0" [stack: 0x0000001997c00000,0x0000001997d00000] [id=28516]
  0x000001f1d45cea90 ConcurrentGCThread "G1 Refine#0" [stack: 0x0000001997d00000,0x0000001997e00000] [id=21272]
  0x000001f1807fcb30 ConcurrentGCThread "G1 Service" [stack: 0x0000001997e00000,0x0000001997f00000] [id=41548]

Threads with active compile tasks:

VM state: not at safepoint (normal execution)

VM Mutex/Monitor currently owned by a thread: None

Heap address: 0x0000000602400000, size: 8156 MB, Compressed Oops mode: Zero based, Oop shift amount: 3

CDS archive(s) mapped at: [0x0000000800000000-0x0000000800bc0000-0x0000000800bc0000), size 12320768, SharedBaseAddress: 0x0000000800000000, ArchiveRelocationMode: 0.
Compressed class space mapped at: 0x0000000800c00000-0x0000000840c00000, reserved size: 1073741824
Narrow klass base: 0x0000000800000000, Narrow klass shift: 0, Narrow klass range: 0x100000000

GC Precious Log:
 CPUs: 8 total, 8 available
 Memory: 32608M
 Large Page Support: Disabled
 NUMA Support: Disabled
 Compressed Oops: Enabled (Zero based)
 Heap Region Size: 4M
 Heap Min Capacity: 8M
 Heap Initial Capacity: 512M
 Heap Max Capacity: 8156M
 Pre-touch: Disabled
 Parallel Workers: 8
 Concurrent Workers: 2
 Concurrent Refinement Workers: 8
 Periodic GC: Disabled

Heap:
 garbage-first heap   total 524288K, used 0K [0x0000000602400000, 0x0000000800000000)
  region size 4096K, 1 young (4096K), 0 survivors (0K)
 Metaspace       used 134K, committed 384K, reserved 1056768K
  class space    used 4K, committed 128K, reserved 1048576K

Heap Regions: E=young(eden), S=young(survivor), O=old, HS=humongous(starts), HC=humongous(continues), CS=collection set, F=free, OA=open archive, CA=closed archive, TAMS=top-at-mark-start (previous, next)
|   0|0x0000000602400000, 0x0000000602400000, 0x0000000602800000|  0%| F|  |TAMS 0x0000000602400000, 0x0000000602400000| Untracked 
|   1|0x0000000602800000, 0x0000000602800000, 0x0000000602c00000|  0%| F|  |TAMS 0x0000000602800000, 0x0000000602800000| Untracked 
|   2|0x0000000602c00000, 0x0000000602c00000, 0x0000000603000000|  0%| F|  |TAMS 0x0000000602c00000, 0x0000000602c00000| Untracked 
|   3|0x0000000603000000, 0x0000000603000000, 0x0000000603400000|  0%| F|  |TAMS 0x0000000603000000, 0x0000000603000000| Untracked 
|   4|0x0000000603400000, 0x0000000603400000, 0x0000000603800000|  0%| F|  |TAMS 0x0000000603400000, 0x0000000603400000| Untracked 
|   5|0x0000000603800000, 0x0000000603800000, 0x0000000603c00000|  0%| F|  |TAMS 0x0000000603800000, 0x0000000603800000| Untracked 
|   6|0x0000000603c00000, 0x0000000603c00000, 0x0000000604000000|  0%| F|  |TAMS 0x0000000603c00000, 0x0000000603c00000| Untracked 
|   7|0x0000000604000000, 0x0000000604000000, 0x0000000604400000|  0%| F|  |TAMS 0x0000000604000000, 0x0000000604000000| Untracked 
|   8|0x0000000604400000, 0x0000000604400000, 0x0000000604800000|  0%| F|  |TAMS 0x0000000604400000, 0x0000000604400000| Untracked 
|   9|0x0000000604800000, 0x0000000604800000, 0x0000000604c00000|  0%| F|  |TAMS 0x0000000604800000, 0x0000000604800000| Untracked 
|  10|0x0000000604c00000, 0x0000000604c00000, 0x0000000605000000|  0%| F|  |TAMS 0x0000000604c00000, 0x0000000604c00000| Untracked 
|  11|0x0000000605000000, 0x0000000605000000, 0x0000000605400000|  0%| F|  |TAMS 0x0000000605000000, 0x0000000605000000| Untracked 
|  12|0x0000000605400000, 0x0000000605400000, 0x0000000605800000|  0%| F|  |TAMS 0x0000000605400000, 0x0000000605400000| Untracked 
|  13|0x0000000605800000, 0x0000000605800000, 0x0000000605c00000|  0%| F|  |TAMS 0x0000000605800000, 0x0000000605800000| Untracked 
|  14|0x0000000605c00000, 0x0000000605c00000, 0x0000000606000000|  0%| F|  |TAMS 0x0000000605c00000, 0x0000000605c00000| Untracked 
|  15|0x0000000606000000, 0x0000000606000000, 0x0000000606400000|  0%| F|  |TAMS 0x0000000606000000, 0x0000000606000000| Untracked 
|  16|0x0000000606400000, 0x0000000606400000, 0x0000000606800000|  0%| F|  |TAMS 0x0000000606400000, 0x0000000606400000| Untracked 
|  17|0x0000000606800000, 0x0000000606800000, 0x0000000606c00000|  0%| F|  |TAMS 0x0000000606800000, 0x0000000606800000| Untracked 
|  18|0x0000000606c00000, 0x0000000606c00000, 0x0000000607000000|  0%| F|  |TAMS 0x0000000606c00000, 0x0000000606c00000| Untracked 
|  19|0x0000000607000000, 0x0000000607000000, 0x0000000607400000|  0%| F|  |TAMS 0x0000000607000000, 0x0000000607000000| Untracked 
|  20|0x0000000607400000, 0x0000000607400000, 0x0000000607800000|  0%| F|  |TAMS 0x0000000607400000, 0x0000000607400000| Untracked 
|  21|0x0000000607800000, 0x0000000607800000, 0x0000000607c00000|  0%| F|  |TAMS 0x0000000607800000, 0x0000000607800000| Untracked 
|  22|0x0000000607c00000, 0x0000000607c00000, 0x0000000608000000|  0%| F|  |TAMS 0x0000000607c00000, 0x0000000607c00000| Untracked 
|  23|0x0000000608000000, 0x0000000608000000, 0x0000000608400000|  0%| F|  |TAMS 0x0000000608000000, 0x0000000608000000| Untracked 
|  24|0x0000000608400000, 0x0000000608400000, 0x0000000608800000|  0%| F|  |TAMS 0x0000000608400000, 0x0000000608400000| Untracked 
|  25|0x0000000608800000, 0x0000000608800000, 0x0000000608c00000|  0%| F|  |TAMS 0x0000000608800000, 0x0000000608800000| Untracked 
|  26|0x0000000608c00000, 0x0000000608c00000, 0x0000000609000000|  0%| F|  |TAMS 0x0000000608c00000, 0x0000000608c00000| Untracked 
|  27|0x0000000609000000, 0x0000000609000000, 0x0000000609400000|  0%| F|  |TAMS 0x0000000609000000, 0x0000000609000000| Untracked 
|  28|0x0000000609400000, 0x0000000609400000, 0x0000000609800000|  0%| F|  |TAMS 0x0000000609400000, 0x0000000609400000| Untracked 
|  29|0x0000000609800000, 0x0000000609800000, 0x0000000609c00000|  0%| F|  |TAMS 0x0000000609800000, 0x0000000609800000| Untracked 
|  30|0x0000000609c00000, 0x0000000609c00000, 0x000000060a000000|  0%| F|  |TAMS 0x0000000609c00000, 0x0000000609c00000| Untracked 
|  31|0x000000060a000000, 0x000000060a000000, 0x000000060a400000|  0%| F|  |TAMS 0x000000060a000000, 0x000000060a000000| Untracked 
|  32|0x000000060a400000, 0x000000060a400000, 0x000000060a800000|  0%| F|  |TAMS 0x000000060a400000, 0x000000060a400000| Untracked 
|  33|0x000000060a800000, 0x000000060a800000, 0x000000060ac00000|  0%| F|  |TAMS 0x000000060a800000, 0x000000060a800000| Untracked 
|  34|0x000000060ac00000, 0x000000060ac00000, 0x000000060b000000|  0%| F|  |TAMS 0x000000060ac00000, 0x000000060ac00000| Untracked 
|  35|0x000000060b000000, 0x000000060b000000, 0x000000060b400000|  0%| F|  |TAMS 0x000000060b000000, 0x000000060b000000| Untracked 
|  36|0x000000060b400000, 0x000000060b400000, 0x000000060b800000|  0%| F|  |TAMS 0x000000060b400000, 0x000000060b400000| Untracked 
|  37|0x000000060b800000, 0x000000060b800000, 0x000000060bc00000|  0%| F|  |TAMS 0x000000060b800000, 0x000000060b800000| Untracked 
|  38|0x000000060bc00000, 0x000000060bc00000, 0x000000060c000000|  0%| F|  |TAMS 0x000000060bc00000, 0x000000060bc00000| Untracked 
|  39|0x000000060c000000, 0x000000060c000000, 0x000000060c400000|  0%| F|  |TAMS 0x000000060c000000, 0x000000060c000000| Untracked 
|  40|0x000000060c400000, 0x000000060c400000, 0x000000060c800000|  0%| F|  |TAMS 0x000000060c400000, 0x000000060c400000| Untracked 
|  41|0x000000060c800000, 0x000000060c800000, 0x000000060cc00000|  0%| F|  |TAMS 0x000000060c800000, 0x000000060c800000| Untracked 
|  42|0x000000060cc00000, 0x000000060cc00000, 0x000000060d000000|  0%| F|  |TAMS 0x000000060cc00000, 0x000000060cc00000| Untracked 
|  43|0x000000060d000000, 0x000000060d000000, 0x000000060d400000|  0%| F|  |TAMS 0x000000060d000000, 0x000000060d000000| Untracked 
|  44|0x000000060d400000, 0x000000060d400000, 0x000000060d800000|  0%| F|  |TAMS 0x000000060d400000, 0x000000060d400000| Untracked 
|  45|0x000000060d800000, 0x000000060d800000, 0x000000060dc00000|  0%| F|  |TAMS 0x000000060d800000, 0x000000060d800000| Untracked 
|  46|0x000000060dc00000, 0x000000060dc00000, 0x000000060e000000|  0%| F|  |TAMS 0x000000060dc00000, 0x000000060dc00000| Untracked 
|  47|0x000000060e000000, 0x000000060e000000, 0x000000060e400000|  0%| F|  |TAMS 0x000000060e000000, 0x000000060e000000| Untracked 
|  48|0x000000060e400000, 0x000000060e400000, 0x000000060e800000|  0%| F|  |TAMS 0x000000060e400000, 0x000000060e400000| Untracked 
|  49|0x000000060e800000, 0x000000060e800000, 0x000000060ec00000|  0%| F|  |TAMS 0x000000060e800000, 0x000000060e800000| Untracked 
|  50|0x000000060ec00000, 0x000000060ec00000, 0x000000060f000000|  0%| F|  |TAMS 0x000000060ec00000, 0x000000060ec00000| Untracked 
|  51|0x000000060f000000, 0x000000060f000000, 0x000000060f400000|  0%| F|  |TAMS 0x000000060f000000, 0x000000060f000000| Untracked 
|  52|0x000000060f400000, 0x000000060f400000, 0x000000060f800000|  0%| F|  |TAMS 0x000000060f400000, 0x000000060f400000| Untracked 
|  53|0x000000060f800000, 0x000000060f800000, 0x000000060fc00000|  0%| F|  |TAMS 0x000000060f800000, 0x000000060f800000| Untracked 
|  54|0x000000060fc00000, 0x000000060fc00000, 0x0000000610000000|  0%| F|  |TAMS 0x000000060fc00000, 0x000000060fc00000| Untracked 
|  55|0x0000000610000000, 0x0000000610000000, 0x0000000610400000|  0%| F|  |TAMS 0x0000000610000000, 0x0000000610000000| Untracked 
|  56|0x0000000610400000, 0x0000000610400000, 0x0000000610800000|  0%| F|  |TAMS 0x0000000610400000, 0x0000000610400000| Untracked 
|  57|0x0000000610800000, 0x0000000610800000, 0x0000000610c00000|  0%| F|  |TAMS 0x0000000610800000, 0x0000000610800000| Untracked 
|  58|0x0000000610c00000, 0x0000000610c00000, 0x0000000611000000|  0%| F|  |TAMS 0x0000000610c00000, 0x0000000610c00000| Untracked 
|  59|0x0000000611000000, 0x0000000611000000, 0x0000000611400000|  0%| F|  |TAMS 0x0000000611000000, 0x0000000611000000| Untracked 
|  60|0x0000000611400000, 0x0000000611400000, 0x0000000611800000|  0%| F|  |TAMS 0x0000000611400000, 0x0000000611400000| Untracked 
|  61|0x0000000611800000, 0x0000000611800000, 0x0000000611c00000|  0%| F|  |TAMS 0x0000000611800000, 0x0000000611800000| Untracked 
|  62|0x0000000611c00000, 0x0000000611c00000, 0x0000000612000000|  0%| F|  |TAMS 0x0000000611c00000, 0x0000000611c00000| Untracked 
|  63|0x0000000612000000, 0x0000000612000000, 0x0000000612400000|  0%| F|  |TAMS 0x0000000612000000, 0x0000000612000000| Untracked 
|  64|0x0000000612400000, 0x0000000612400000, 0x0000000612800000|  0%| F|  |TAMS 0x0000000612400000, 0x0000000612400000| Untracked 
|  65|0x0000000612800000, 0x0000000612800000, 0x0000000612c00000|  0%| F|  |TAMS 0x0000000612800000, 0x0000000612800000| Untracked 
|  66|0x0000000612c00000, 0x0000000612c00000, 0x0000000613000000|  0%| F|  |TAMS 0x0000000612c00000, 0x0000000612c00000| Untracked 
|  67|0x0000000613000000, 0x0000000613000000, 0x0000000613400000|  0%| F|  |TAMS 0x0000000613000000, 0x0000000613000000| Untracked 
|  68|0x0000000613400000, 0x0000000613400000, 0x0000000613800000|  0%| F|  |TAMS 0x0000000613400000, 0x0000000613400000| Untracked 
|  69|0x0000000613800000, 0x0000000613800000, 0x0000000613c00000|  0%| F|  |TAMS 0x0000000613800000, 0x0000000613800000| Untracked 
|  70|0x0000000613c00000, 0x0000000613c00000, 0x0000000614000000|  0%| F|  |TAMS 0x0000000613c00000, 0x0000000613c00000| Untracked 
|  71|0x0000000614000000, 0x0000000614000000, 0x0000000614400000|  0%| F|  |TAMS 0x0000000614000000, 0x0000000614000000| Untracked 
|  72|0x0000000614400000, 0x0000000614400000, 0x0000000614800000|  0%| F|  |TAMS 0x0000000614400000, 0x0000000614400000| Untracked 
|  73|0x0000000614800000, 0x0000000614800000, 0x0000000614c00000|  0%| F|  |TAMS 0x0000000614800000, 0x0000000614800000| Untracked 
|  74|0x0000000614c00000, 0x0000000614c00000, 0x0000000615000000|  0%| F|  |TAMS 0x0000000614c00000, 0x0000000614c00000| Untracked 
|  75|0x0000000615000000, 0x0000000615000000, 0x0000000615400000|  0%| F|  |TAMS 0x0000000615000000, 0x0000000615000000| Untracked 
|  76|0x0000000615400000, 0x0000000615400000, 0x0000000615800000|  0%| F|  |TAMS 0x0000000615400000, 0x0000000615400000| Untracked 
|  77|0x0000000615800000, 0x0000000615800000, 0x0000000615c00000|  0%| F|  |TAMS 0x0000000615800000, 0x0000000615800000| Untracked 
|  78|0x0000000615c00000, 0x0000000615c00000, 0x0000000616000000|  0%| F|  |TAMS 0x0000000615c00000, 0x0000000615c00000| Untracked 
|  79|0x0000000616000000, 0x0000000616000000, 0x0000000616400000|  0%| F|  |TAMS 0x0000000616000000, 0x0000000616000000| Untracked 
|  80|0x0000000616400000, 0x0000000616400000, 0x0000000616800000|  0%| F|  |TAMS 0x0000000616400000, 0x0000000616400000| Untracked 
|  81|0x0000000616800000, 0x0000000616800000, 0x0000000616c00000|  0%| F|  |TAMS 0x0000000616800000, 0x0000000616800000| Untracked 
|  82|0x0000000616c00000, 0x0000000616c00000, 0x0000000617000000|  0%| F|  |TAMS 0x0000000616c00000, 0x0000000616c00000| Untracked 
|  83|0x0000000617000000, 0x0000000617000000, 0x0000000617400000|  0%| F|  |TAMS 0x0000000617000000, 0x0000000617000000| Untracked 
|  84|0x0000000617400000, 0x0000000617400000, 0x0000000617800000|  0%| F|  |TAMS 0x0000000617400000, 0x0000000617400000| Untracked 
|  85|0x0000000617800000, 0x0000000617800000, 0x0000000617c00000|  0%| F|  |TAMS 0x0000000617800000, 0x0000000617800000| Untracked 
|  86|0x0000000617c00000, 0x0000000617c00000, 0x0000000618000000|  0%| F|  |TAMS 0x0000000617c00000, 0x0000000617c00000| Untracked 
|  87|0x0000000618000000, 0x0000000618000000, 0x0000000618400000|  0%| F|  |TAMS 0x0000000618000000, 0x0000000618000000| Untracked 
|  88|0x0000000618400000, 0x0000000618400000, 0x0000000618800000|  0%| F|  |TAMS 0x0000000618400000, 0x0000000618400000| Untracked 
|  89|0x0000000618800000, 0x0000000618800000, 0x0000000618c00000|  0%| F|  |TAMS 0x0000000618800000, 0x0000000618800000| Untracked 
|  90|0x0000000618c00000, 0x0000000618c00000, 0x0000000619000000|  0%| F|  |TAMS 0x0000000618c00000, 0x0000000618c00000| Untracked 
|  91|0x0000000619000000, 0x0000000619000000, 0x0000000619400000|  0%| F|  |TAMS 0x0000000619000000, 0x0000000619000000| Untracked 
|  92|0x0000000619400000, 0x0000000619400000, 0x0000000619800000|  0%| F|  |TAMS 0x0000000619400000, 0x0000000619400000| Untracked 
|  93|0x0000000619800000, 0x0000000619800000, 0x0000000619c00000|  0%| F|  |TAMS 0x0000000619800000, 0x0000000619800000| Untracked 
|  94|0x0000000619c00000, 0x0000000619c00000, 0x000000061a000000|  0%| F|  |TAMS 0x0000000619c00000, 0x0000000619c00000| Untracked 
|  95|0x000000061a000000, 0x000000061a000000, 0x000000061a400000|  0%| F|  |TAMS 0x000000061a000000, 0x000000061a000000| Untracked 
|  96|0x000000061a400000, 0x000000061a400000, 0x000000061a800000|  0%| F|  |TAMS 0x000000061a400000, 0x000000061a400000| Untracked 
|  97|0x000000061a800000, 0x000000061a800000, 0x000000061ac00000|  0%| F|  |TAMS 0x000000061a800000, 0x000000061a800000| Untracked 
|  98|0x000000061ac00000, 0x000000061ac00000, 0x000000061b000000|  0%| F|  |TAMS 0x000000061ac00000, 0x000000061ac00000| Untracked 
|  99|0x000000061b000000, 0x000000061b000000, 0x000000061b400000|  0%| F|  |TAMS 0x000000061b000000, 0x000000061b000000| Untracked 
| 100|0x000000061b400000, 0x000000061b400000, 0x000000061b800000|  0%| F|  |TAMS 0x000000061b400000, 0x000000061b400000| Untracked 
| 101|0x000000061b800000, 0x000000061b800000, 0x000000061bc00000|  0%| F|  |TAMS 0x000000061b800000, 0x000000061b800000| Untracked 
| 102|0x000000061bc00000, 0x000000061bc00000, 0x000000061c000000|  0%| F|  |TAMS 0x000000061bc00000, 0x000000061bc00000| Untracked 
| 103|0x000000061c000000, 0x000000061c000000, 0x000000061c400000|  0%| F|  |TAMS 0x000000061c000000, 0x000000061c000000| Untracked 
| 104|0x000000061c400000, 0x000000061c400000, 0x000000061c800000|  0%| F|  |TAMS 0x000000061c400000, 0x000000061c400000| Untracked 
| 105|0x000000061c800000, 0x000000061c800000, 0x000000061cc00000|  0%| F|  |TAMS 0x000000061c800000, 0x000000061c800000| Untracked 
| 106|0x000000061cc00000, 0x000000061cc00000, 0x000000061d000000|  0%| F|  |TAMS 0x000000061cc00000, 0x000000061cc00000| Untracked 
| 107|0x000000061d000000, 0x000000061d000000, 0x000000061d400000|  0%| F|  |TAMS 0x000000061d000000, 0x000000061d000000| Untracked 
| 108|0x000000061d400000, 0x000000061d400000, 0x000000061d800000|  0%| F|  |TAMS 0x000000061d400000, 0x000000061d400000| Untracked 
| 109|0x000000061d800000, 0x000000061d800000, 0x000000061dc00000|  0%| F|  |TAMS 0x000000061d800000, 0x000000061d800000| Untracked 
| 110|0x000000061dc00000, 0x000000061dc00000, 0x000000061e000000|  0%| F|  |TAMS 0x000000061dc00000, 0x000000061dc00000| Untracked 
| 111|0x000000061e000000, 0x000000061e000000, 0x000000061e400000|  0%| F|  |TAMS 0x000000061e000000, 0x000000061e000000| Untracked 
| 112|0x000000061e400000, 0x000000061e400000, 0x000000061e800000|  0%| F|  |TAMS 0x000000061e400000, 0x000000061e400000| Untracked 
| 113|0x000000061e800000, 0x000000061e800000, 0x000000061ec00000|  0%| F|  |TAMS 0x000000061e800000, 0x000000061e800000| Untracked 
| 114|0x000000061ec00000, 0x000000061ec00000, 0x000000061f000000|  0%| F|  |TAMS 0x000000061ec00000, 0x000000061ec00000| Untracked 
| 115|0x000000061f000000, 0x000000061f000000, 0x000000061f400000|  0%| F|  |TAMS 0x000000061f000000, 0x000000061f000000| Untracked 
| 116|0x000000061f400000, 0x000000061f400000, 0x000000061f800000|  0%| F|  |TAMS 0x000000061f400000, 0x000000061f400000| Untracked 
| 117|0x000000061f800000, 0x000000061f800000, 0x000000061fc00000|  0%| F|  |TAMS 0x000000061f800000, 0x000000061f800000| Untracked 
| 118|0x000000061fc00000, 0x000000061fc00000, 0x0000000620000000|  0%| F|  |TAMS 0x000000061fc00000, 0x000000061fc00000| Untracked 
| 119|0x0000000620000000, 0x0000000620000000, 0x0000000620400000|  0%| F|  |TAMS 0x0000000620000000, 0x0000000620000000| Untracked 
| 120|0x0000000620400000, 0x0000000620400000, 0x0000000620800000|  0%| F|  |TAMS 0x0000000620400000, 0x0000000620400000| Untracked 
| 121|0x0000000620800000, 0x0000000620800000, 0x0000000620c00000|  0%| F|  |TAMS 0x0000000620800000, 0x0000000620800000| Untracked 
| 122|0x0000000620c00000, 0x0000000620c00000, 0x0000000621000000|  0%| F|  |TAMS 0x0000000620c00000, 0x0000000620c00000| Untracked 
| 123|0x0000000621000000, 0x0000000621000000, 0x0000000621400000|  0%| F|  |TAMS 0x0000000621000000, 0x0000000621000000| Untracked 
| 124|0x0000000621400000, 0x0000000621400000, 0x0000000621800000|  0%| F|  |TAMS 0x0000000621400000, 0x0000000621400000| Untracked 
| 125|0x0000000621800000, 0x0000000621800000, 0x0000000621c00000|  0%| F|  |TAMS 0x0000000621800000, 0x0000000621800000| Untracked 
| 126|0x0000000621c00000, 0x0000000621c00000, 0x0000000622000000|  0%| F|  |TAMS 0x0000000621c00000, 0x0000000621c00000| Untracked 
| 127|0x0000000622000000, 0x00000006221eb990, 0x0000000622400000| 48%| E|  |TAMS 0x0000000622000000, 0x0000000622000000| Complete 

Card table byte_map: [0x000001f1ec020000,0x000001f1ed010000] _byte_map_base: 0x000001f1e900e000

Marking Bits (Prev, Next): (CMBitMap*) 0x000001f1d4570270, (CMBitMap*) 0x000001f1d45702b0
 Prev Bits: [0x000001f1ee000000, 0x000001f1f5f70000)
 Next Bits: [0x000001f1f5f70000, 0x000001f1fdee0000)

Polling page: 0x000001f1d2480000

Metaspace:

Usage:
  Non-class:    130.20 KB used.
      Class:      4.78 KB used.
       Both:    134.98 KB used.

Virtual space:
  Non-class space:        8.00 MB reserved,     256.00 KB (  3%) committed,  1 nodes.
      Class space:        1.00 GB reserved,     128.00 KB ( <1%) committed,  1 nodes.
             Both:        1.01 GB reserved,     384.00 KB ( <1%) committed. 

Chunk freelists:
   Non-Class:  4.00 MB
       Class:  3.75 MB
        Both:  7.74 MB

MaxMetaspaceSize: unlimited
CompressedClassSpaceSize: 1.00 GB
Initial GC threshold: 21.00 MB
Current GC threshold: 21.00 MB
CDS: on
MetaspaceReclaimPolicy: balanced
 - commit_granule_bytes: 65536.
 - commit_granule_words: 8192.
 - virtual_space_node_default_size: 1048576.
 - enlarge_chunks_in_place: 1.
 - new_chunks_are_fully_committed: 0.
 - uncommit_free_chunks: 1.
 - use_allocation_guard: 0.
 - handle_deallocations: 1.


Internal statistics:

num_allocs_failed_limit: 0.
num_arena_births: 4.
num_arena_deaths: 0.
num_vsnodes_births: 2.
num_vsnodes_deaths: 0.
num_space_committed: 6.
num_space_uncommitted: 0.
num_chunks_returned_to_freelist: 0.
num_chunks_taken_from_freelist: 5.
num_chunk_merges: 0.
num_chunk_splits: 2.
num_chunks_enlarged: 0.
num_purges: 0.
num_inconsistent_stats: 0.

CodeHeap 'non-profiled nmethods': size=120000Kb used=13Kb max_used=13Kb free=119986Kb
 bounds [0x000001f1e37d0000, 0x000001f1e3a40000, 0x000001f1ead00000]
CodeHeap 'profiled nmethods': size=120000Kb used=77Kb max_used=77Kb free=119922Kb
 bounds [0x000001f1dc2a0000, 0x000001f1dc510000, 0x000001f1e37d0000]
CodeHeap 'non-nmethods': size=5760Kb used=1032Kb max_used=1047Kb free=4727Kb
 bounds [0x000001f1dbd00000, 0x000001f1dbf70000, 0x000001f1dc2a0000]
 total_blobs=346 nmethods=60 adapters=199
 compilation: enabled
              stopped_count=0, restarted_count=0
 full_count=0

Compilation events (20 events):
Event: 0.035 Thread 0x000001f181408140 nmethod 42 0x000001f1e37d1e90 code [0x000001f1e37d2020, 0x000001f1e37d20f8]
Event: 0.035 Thread 0x000001f181408140   50       1       java.lang.module.ModuleDescriptor::isAutomatic (5 bytes)
Event: 0.035 Thread 0x000001f181408140 nmethod 50 0x000001f1e37d2190 code [0x000001f1e37d2320, 0x000001f1e37d23f8]
Event: 0.035 Thread 0x000001f181408140   41       3       java.util.concurrent.ConcurrentHashMap::casTabAt (21 bytes)
Event: 0.035 Thread 0x000001f181408140 nmethod 41 0x000001f1dc2b2310 code [0x000001f1dc2b24a0, 0x000001f1dc2b2618]
Event: 0.035 Thread 0x000001f181408140   54       1       java.util.ImmutableCollections$Set12::isEmpty (2 bytes)
Event: 0.036 Thread 0x000001f181408140 nmethod 54 0x000001f1e37d2490 code [0x000001f1e37d2620, 0x000001f1e37d26f8]
Event: 0.036 Thread 0x000001f181408140   52       1       java.lang.module.ResolvedModule::configuration (5 bytes)
Event: 0.036 Thread 0x000001f181408140 nmethod 52 0x000001f1e37d2790 code [0x000001f1e37d2920, 0x000001f1e37d29f8]
Event: 0.036 Thread 0x000001f181408140   55       3       java.lang.StringUTF16::getChar (60 bytes)
Event: 0.036 Thread 0x000001f181408140 nmethod 55 0x000001f1dc2b2690 code [0x000001f1dc2b2820, 0x000001f1dc2b2998]
Event: 0.036 Thread 0x000001f181408140   53       1       java.lang.module.ModuleDescriptor$Exports::targets (5 bytes)
Event: 0.036 Thread 0x000001f181408140 nmethod 53 0x000001f1e37d2a90 code [0x000001f1e37d2c20, 0x000001f1e37d2cf8]
Event: 0.036 Thread 0x000001f181408140   57       3       java.lang.AbstractStringBuilder::ensureCapacityInternal (39 bytes)
Event: 0.036 Thread 0x000001f181408140 nmethod 57 0x000001f1dc2b2a90 code [0x000001f1dc2b2c40, 0x000001f1dc2b2e78]
Event: 0.037 Thread 0x000001f180968970   58       4       java.lang.StringLatin1::hashCode (42 bytes)
Event: 0.037 Thread 0x000001f181408140   59       3       java.lang.StringLatin1::canEncode (13 bytes)
Event: 0.037 Thread 0x000001f181408140 nmethod 59 0x000001f1dc2b2f90 code [0x000001f1dc2b3120, 0x000001f1dc2b3278]
Event: 0.037 Thread 0x000001f181408140   60       3       java.lang.String::isEmpty (14 bytes)
Event: 0.038 Thread 0x000001f181408140 nmethod 60 0x000001f1dc2b3310 code [0x000001f1dc2b34a0, 0x000001f1dc2b3618]

GC Heap History (0 events):
No events

Deoptimization events (0 events):
No events

Classes unloaded (0 events):
No events

Classes redefined (0 events):
No events

Internal exceptions (0 events):
No events

VM Operations (0 events):
No events

Events (20 events):
Event: 0.014 Thread 0x000001f1d44fbb50 Thread added: 0x000001f1d44fbb50
Event: 0.017 Thread 0x000001f180949530 Thread added: 0x000001f180949530
Event: 0.017 Thread 0x000001f18094a0e0 Thread added: 0x000001f18094a0e0
Event: 0.023 loading class sun/nio/cs/IBM850
Event: 0.023 loading class sun/nio/cs/IBM850 done
Event: 0.023 loading class sun/nio/cs/IBM850$Holder
Event: 0.023 loading class sun/nio/cs/IBM850$Holder done
Event: 0.024 Thread 0x000001f180965190 Thread added: 0x000001f180965190
Event: 0.024 Thread 0x000001f180965b40 Thread added: 0x000001f180965b40
Event: 0.024 Thread 0x000001f1809664f0 Thread added: 0x000001f1809664f0
Event: 0.025 Thread 0x000001f180966ea0 Thread added: 0x000001f180966ea0
Event: 0.025 Thread 0x000001f180968970 Thread added: 0x000001f180968970
Event: 0.025 Thread 0x000001f181408140 Thread added: 0x000001f181408140
Event: 0.025 Thread 0x000001f18096cb90 Thread added: 0x000001f18096cb90
Event: 0.035 Thread 0x000001f18152c7c0 Thread added: 0x000001f18152c7c0
Event: 0.036 loading class jdk/internal/loader/URLClassPath$FileLoader
Event: 0.036 loading class jdk/internal/loader/URLClassPath$FileLoader done
Event: 0.036 loading class jdk/internal/loader/URLClassPath$FileLoader$1
Event: 0.036 loading class jdk/internal/loader/URLClassPath$FileLoader$1 done
Event: 0.037 Thread 0x000001f1815310b0 Thread added: 0x000001f1815310b0


Dynamic libraries:
0x00007ff6abfb0000 - 0x00007ff6abfc0000 	C:\Program Files\Java\jdk-17.0.1\bin\java.exe
0x00007ffee5000000 - 0x00007ffee5209000 	C:\WINDOWS\SYSTEM32\ntdll.dll
0x00007ffee3b70000 - 0x00007ffee3c2d000 	C:\WINDOWS\System32\KERNEL32.DLL
0x00007ffee24e0000 - 0x00007ffee285c000 	C:\WINDOWS\System32\KERNELBASE.dll
0x00007ffee0cf0000 - 0x00007ffee0d81000 	C:\WINDOWS\SYSTEM32\apphelp.dll
0x00007ffee2860000 - 0x00007ffee2971000 	C:\WINDOWS\System32\ucrtbase.dll
0x00007ffed0090000 - 0x00007ffed00a8000 	C:\Program Files\Java\jdk-17.0.1\bin\jli.dll
0x00007ffecfce0000 - 0x00007ffecfcfa000 	C:\Program Files\Java\jdk-17.0.1\bin\VCRUNTIME140.dll
0x00007ffee3610000 - 0x00007ffee36be000 	C:\WINDOWS\System32\ADVAPI32.dll
0x00007ffee4f10000 - 0x00007ffee4fb3000 	C:\WINDOWS\System32\msvcrt.dll
0x00007ffee3570000 - 0x00007ffee360e000 	C:\WINDOWS\System32\sechost.dll
0x00007ffee4040000 - 0x00007ffee4160000 	C:\WINDOWS\System32\RPCRT4.dll
0x00007ffee2e90000 - 0x00007ffee303d000 	C:\WINDOWS\System32\USER32.dll
0x00007ffee1700000 - 0x00007ffee19a5000 	C:\WINDOWS\WinSxS\amd64_microsoft.windows.common-controls_6595b64144ccf1df_6.0.22000.120_none_9d947278b86cc467\COMCTL32.dll
0x00007ffee2ae0000 - 0x00007ffee2b06000 	C:\WINDOWS\System32\win32u.dll
0x00007ffee3c30000 - 0x00007ffee3c59000 	C:\WINDOWS\System32\GDI32.dll
0x00007ffee2c80000 - 0x00007ffee2d98000 	C:\WINDOWS\System32\gdi32full.dll
0x00007ffee2a40000 - 0x00007ffee2add000 	C:\WINDOWS\System32\msvcp_win.dll
0x00007ffedec20000 - 0x00007ffedec2a000 	C:\WINDOWS\SYSTEM32\VERSION.dll
0x00007ffee3ea0000 - 0x00007ffee3ed1000 	C:\WINDOWS\System32\IMM32.DLL
0x00007ffed1d30000 - 0x00007ffed1d3c000 	C:\Program Files\Java\jdk-17.0.1\bin\vcruntime140_1.dll
0x00007ffec8510000 - 0x00007ffec859d000 	C:\Program Files\Java\jdk-17.0.1\bin\msvcp140.dll
0x00007ffe58d80000 - 0x00007ffe5993e000 	C:\Program Files\Java\jdk-17.0.1\bin\server\jvm.dll
0x00007ffee3cf0000 - 0x00007ffee3cf8000 	C:\WINDOWS\System32\PSAPI.DLL
0x00007ffecf7d0000 - 0x00007ffecf7d9000 	C:\WINDOWS\SYSTEM32\WSOCK32.dll
0x00007ffedc450000 - 0x00007ffedc483000 	C:\WINDOWS\SYSTEM32\WINMM.dll
0x00007ffee3ee0000 - 0x00007ffee3f4f000 	C:\WINDOWS\System32\WS2_32.dll
0x00007ffee0820000 - 0x00007ffee0838000 	C:\WINDOWS\SYSTEM32\kernel.appcore.dll
0x00007ffed0fb0000 - 0x00007ffed0fba000 	C:\Program Files\Java\jdk-17.0.1\bin\jimage.dll
0x00007ffee1e30000 - 0x00007ffee2051000 	C:\WINDOWS\SYSTEM32\DBGHELP.DLL
0x00007ffee1b70000 - 0x00007ffee1ba1000 	C:\WINDOWS\SYSTEM32\dbgcore.DLL
0x00007ffee2e10000 - 0x00007ffee2e8f000 	C:\WINDOWS\System32\bcryptPrimitives.dll
0x00007ffecc4c0000 - 0x00007ffecc4e5000 	C:\Program Files\Java\jdk-17.0.1\bin\java.dll
0x00007ffe9ee50000 - 0x00007ffe9ef26000 	C:\Program Files\Java\jdk-17.0.1\bin\svml.dll
0x00007ffee4750000 - 0x00007ffee4f08000 	C:\WINDOWS\System32\SHELL32.dll
0x00007ffedf830000 - 0x00007ffee0098000 	C:\WINDOWS\SYSTEM32\windows.storage.dll
0x00007ffee41c0000 - 0x00007ffee4539000 	C:\WINDOWS\System32\combase.dll
0x00007ffedf6c0000 - 0x00007ffedf826000 	C:\WINDOWS\SYSTEM32\wintypes.dll
0x00007ffee3f50000 - 0x00007ffee403a000 	C:\WINDOWS\System32\SHCORE.dll
0x00007ffee46f0000 - 0x00007ffee474d000 	C:\WINDOWS\System32\shlwapi.dll
0x00007ffee2410000 - 0x00007ffee2431000 	C:\WINDOWS\SYSTEM32\profapi.dll

dbghelp: loaded successfully - version: 4.0.5 - missing functions: none
symbol engine: initialized successfully - sym options: 0x614 - pdb path: .;C:\Program Files\Java\jdk-17.0.1\bin;C:\WINDOWS\SYSTEM32;C:\WINDOWS\WinSxS\amd64_microsoft.windows.common-controls_6595b64144ccf1df_6.0.22000.120_none_9d947278b86cc467;C:\Program Files\Java\jdk-17.0.1\bin\server

VM Arguments:
jvm_args: -XX:+UnlockDiagnosticVMOptions -XX:DiagnoseSyncOnValueBasedClasses=1 
java_command: TestValueBasedClass
java_class_path (initial): ;.
Launcher Type: SUN_STANDARD

[Global flags]
     intx CICompilerCount                          = 4                                         {product} {ergonomic}
     uint ConcGCThreads                            = 2                                         {product} {ergonomic}
     intx DiagnoseSyncOnValueBasedClasses          = 1                                      {diagnostic} {command line}
     uint G1ConcRefinementThreads                  = 8                                         {product} {ergonomic}
   size_t G1HeapRegionSize                         = 4194304                                   {product} {ergonomic}
    uintx GCDrainStackTargetSize                   = 64                                        {product} {ergonomic}
   size_t InitialHeapSize                          = 536870912                                 {product} {ergonomic}
   size_t MarkStackSize                            = 4194304                                   {product} {ergonomic}
   size_t MaxHeapSize                              = 8552185856                                {product} {ergonomic}
   size_t MaxNewSize                               = 5129633792                                {product} {ergonomic}
   size_t MinHeapDeltaBytes                        = 4194304                                   {product} {ergonomic}
   size_t MinHeapSize                              = 8388608                                   {product} {ergonomic}
    uintx NonNMethodCodeHeapSize                   = 5839372                                {pd product} {ergonomic}
    uintx NonProfiledCodeHeapSize                  = 122909434                              {pd product} {ergonomic}
    uintx ProfiledCodeHeapSize                     = 122909434                              {pd product} {ergonomic}
    uintx ReservedCodeCacheSize                    = 251658240                              {pd product} {ergonomic}
     bool SegmentedCodeCache                       = true                                      {product} {ergonomic}
   size_t SoftMaxHeapSize                          = 8552185856                             {manageable} {ergonomic}
     bool UnlockDiagnosticVMOptions                = true                                   {diagnostic} {command line}
     bool UseCompressedClassPointers               = true                           {product lp64_product} {ergonomic}
     bool UseCompressedOops                        = true                           {product lp64_product} {ergonomic}
     bool UseG1GC                                  = true                                      {product} {ergonomic}
     bool UseLargePagesIndividualAllocation        = false                                  {pd product} {ergonomic}

Logging:
Log output configuration:
 #0: stdout all=warning uptime,level,tags
 #1: stderr all=off uptime,level,tags

Environment Variables:
JAVA_HOME=C:\Program Files\Java\jdk-17.0.1
CLASSPATH=;.
PATH=C:\Program Files\Java\jdk-17.0.1\bin;C:\Program Files (x86)\VMware\VMware Player\bin\;C:\Program Files\Common Files\Oracle\Java\javapath;C:\Program Files (x86)\Common Files\Oracle\Java\javapath;C:\Program Files (x86)\Intel\Intel(R) Management Engine Components\iCLS\;C:\Program Files\Intel\Intel(R) Management Engine Components\iCLS\;C:\Windows\system32;C:\Windows;C:\Windows\System32\Wbem;C:\Windows\System32\WindowsPowerShell\v1.0\;C:\Windows\System32\OpenSSH\;C:\Program Files (x86)\NVIDIA Corporation\PhysX\Common;C:\Program Files\NVIDIA Corporation\NVIDIA NvDLISR;C:\Program Files (x86)\Intel\Intel(R) Management Engine Components\DAL;C:\Program Files\Intel\Intel(R) Management Engine Components\DAL;C:\Program Files\Intel\WiFi\bin\;C:\Program Files\Common Files\Intel\WirelessCommon\;C:\WINDOWS\system32;C:\WINDOWS;C:\WINDOWS\System32\Wbem;C:\WINDOWS\System32\WindowsPowerShell\v1.0\;C:\WINDOWS\System32\OpenSSH\;C:\Program Files\dotnet\;C:\Program Files\derby-10.14.2.0\bin;C:\Program Files\Docker\Docker\resources\bin;C:\ProgramData\DockerDesktop\version-bin;C:\Program Files\Java\jdk-17.0.1\bin;C:\Users\Claudio\AppData\Local\Programs\Python\Python310\Scripts\;C:\Users\Claudio\AppData\Local\Programs\Python\Python310\;C:\Program Files\Java\javafx-sdk-17.0.1;C:\Program Files\MySQL\MySQL Shell 8.0\bin\;C:\Users\Claudio\AppData\Local\Microsoft\WindowsApps;C:\Users\Claudio\AppData\Local\Programs\Microsoft VS Code\bin;C:\Users\Claudio\AppData\Local\GitHubDesktop\bin;C:\Program Files\derby-10.14.2.0\bin;
USERNAME=Claudio
OS=Windows_NT
PROCESSOR_IDENTIFIER=Intel64 Family 6 Model 142 Stepping 11, GenuineIntel



---------------  S Y S T E M  ---------------

OS:
 Windows 10 , 64 bit Build 22000 (10.0.22000.708)
OS uptime: 8 days 20:37 hours
Hyper-V role detected

CPU: total 8 (initial active 8) (4 cores per cpu, 2 threads per core) family 6 model 142 stepping 11 microcode 0xde, cx8, cmov, fxsr, ht, mmx, 3dnowpref, sse, sse2, sse3, ssse3, sse4.1, sse4.2, popcnt, lzcnt, tsc, tscinvbit, avx, avx2, aes, erms, clmul, bmi1, bmi2, adx, fma, vzeroupper, clflush, clflushopt, hv

Memory: 4k page, system-wide physical 32608M (17004M free)
TotalPageFile size 37472M (AvailPageFile size 14117M)
current process WorkingSet (physical memory assigned to process): 28M, peak: 28M
current process commit charge ("private bytes"): 609M, peak: 609M

vm_info: Java HotSpot(TM) 64-Bit Server VM (17.0.1+12-LTS-39) for windows-amd64 JRE (17.0.1+12-LTS-39), built on Sep 27 2021 18:41:35 by "mach5one" with MS VC++ 16.8 (VS2019)

END.
